{"numTotalTestSuites":89,"numPassedTestSuites":89,"numFailedTestSuites":0,"numPendingTestSuites":0,"numTotalTests":87,"numPassedTests":87,"numFailedTests":0,"numPendingTests":0,"numTodoTests":0,"snapshot":{"added":0,"failure":false,"filesAdded":0,"filesRemoved":0,"filesRemovedList":[],"filesUnmatched":0,"filesUpdated":0,"matched":0,"total":0,"unchecked":0,"uncheckedKeysByFile":[],"unmatched":0,"updated":0,"didUpdate":false},"startTime":1770475287317,"success":true,"testResults":[{"assertionResults":[{"ancestorTitles":["基本制限テスト","Test1: 制限なし - ピチュー（EXP600）"],"fullName":"基本制限テスト Test1: 制限なし - ピチュー（EXP600） 到達Lv = 目標Lv、アメ不足なし","status":"passed","title":"到達Lv = 目標Lv、アメ不足なし","duration":3.9265000000000327,"failureMessages":[],"meta":{}},{"ancestorTitles":["基本制限テスト","Test2: アメブ不足のみ - ピカチュウ（EXP600, 性格↑）"],"fullName":"基本制限テスト Test2: アメブ不足のみ - ピカチュウ（EXP600, 性格↑） アメブ使用 ≤ グローバル上限、通常アメ = 0","status":"passed","title":"アメブ使用 ≤ グローバル上限、通常アメ = 0","duration":1.9954999999999927,"failureMessages":[],"meta":{}},{"ancestorTitles":["基本制限テスト","Test3: かけら不足のみ - ミニリュウ（EXP900）"],"fullName":"基本制限テスト Test3: かけら不足のみ - ミニリュウ（EXP900） かけら使用 ≤ かけら上限","status":"passed","title":"かけら使用 ≤ かけら上限","duration":1.2422000000000253,"failureMessages":[],"meta":{}},{"ancestorTitles":["基本制限テスト","Test4: アメ在庫不足のみ - スイクン（EXP1080, 性格↓）"],"fullName":"基本制限テスト Test4: アメ在庫不足のみ - スイクン（EXP1080, 性格↓） 使用量 = 210、アメ不足 40、到達Lv 32","status":"passed","title":"使用量 = 210、アメ不足 40、到達Lv 32","duration":1.9886000000000195,"failureMessages":[],"meta":{}},{"ancestorTitles":["基本制限テスト","Test5: アイテム在庫不足 - ダークライ（EXP1320）"],"fullName":"基本制限テスト Test5: アイテム在庫不足 - ダークライ（EXP1320） 万能S = 在庫全て、使用量 = 30、アメ不足あり","status":"passed","title":"万能S = 在庫全て、使用量 = 30、アメ不足あり","duration":0.6194999999999595,"failureMessages":[],"meta":{}},{"ancestorTitles":["基本制限テスト - Invariants"],"fullName":"基本制限テスト - Invariants [inv1] 非負数チェック - ピチュー","status":"passed","title":"[inv1] 非負数チェック - ピチュー","duration":0.5792000000000144,"failureMessages":[],"meta":{}},{"ancestorTitles":["基本制限テスト - Invariants"],"fullName":"基本制限テスト - Invariants [inv1] レベル整合性チェック - ピチュー","status":"passed","title":"[inv1] レベル整合性チェック - ピチュー","duration":0.5124000000000137,"failureMessages":[],"meta":{}},{"ancestorTitles":["基本制限テスト - Invariants"],"fullName":"基本制限テスト - Invariants [inv2] 非負数チェック - ピカチュウ","status":"passed","title":"[inv2] 非負数チェック - ピカチュウ","duration":0.6619000000000028,"failureMessages":[],"meta":{}},{"ancestorTitles":["基本制限テスト - Invariants"],"fullName":"基本制限テスト - Invariants [inv2] レベル整合性チェック - ピカチュウ","status":"passed","title":"[inv2] レベル整合性チェック - ピカチュウ","duration":0.6061000000000263,"failureMessages":[],"meta":{}},{"ancestorTitles":["基本制限テスト - Invariants"],"fullName":"基本制限テスト - Invariants [inv3] 非負数チェック - ミニリュウ","status":"passed","title":"[inv3] 非負数チェック - ミニリュウ","duration":0.771000000000015,"failureMessages":[],"meta":{}},{"ancestorTitles":["基本制限テスト - Invariants"],"fullName":"基本制限テスト - Invariants [inv3] レベル整合性チェック - ミニリュウ","status":"passed","title":"[inv3] レベル整合性チェック - ミニリュウ","duration":0.21039999999999281,"failureMessages":[],"meta":{}},{"ancestorTitles":["基本制限テスト - Invariants"],"fullName":"基本制限テスト - Invariants [inv4] 非負数チェック - スイクン","status":"passed","title":"[inv4] 非負数チェック - スイクン","duration":0.14960000000002083,"failureMessages":[],"meta":{}},{"ancestorTitles":["基本制限テスト - Invariants"],"fullName":"基本制限テスト - Invariants [inv4] レベル整合性チェック - スイクン","status":"passed","title":"[inv4] レベル整合性チェック - スイクン","duration":0.07810000000000628,"failureMessages":[],"meta":{}},{"ancestorTitles":["基本制限テスト - Invariants"],"fullName":"基本制限テスト - Invariants [inv5] 非負数チェック - ダークライ","status":"passed","title":"[inv5] 非負数チェック - ダークライ","duration":0.15780000000000882,"failureMessages":[],"meta":{}},{"ancestorTitles":["基本制限テスト - Invariants"],"fullName":"基本制限テスト - Invariants [inv5] レベル整合性チェック - ダークライ","status":"passed","title":"[inv5] レベル整合性チェック - ダークライ","duration":0.08839999999997872,"failureMessages":[],"meta":{}}],"startTime":1770475287687,"endTime":1770475287701.1577,"status":"passed","message":"","name":"D:/Dev/Projects/candy_boost_planner/tests/unit/level-planner/basic.test.ts"},{"assertionResults":[{"ancestorTitles":["アメブ混合テスト","Test21: 理論値ベース必要アイテム計算（ダークライ）"],"fullName":"アメブ混合テスト Test21: 理論値ベース必要アイテム計算（ダークライ） 個数指定行の理論値を正しく計算","status":"passed","title":"個数指定行の理論値を正しく計算","duration":4.5674000000000206,"failureMessages":[],"meta":{}},{"ancestorTitles":["アメブ混合テスト","Test21: 理論値ベース必要アイテム計算（ダークライ）"],"fullName":"アメブ混合テスト Test21: 理論値ベース必要アイテム計算（ダークライ） 在庫不足時は在庫分のみ配分","status":"passed","title":"在庫不足時は在庫分のみ配分","duration":0.9085999999999785,"failureMessages":[],"meta":{}},{"ancestorTitles":["アメブ混合テスト","Test22: 万能S在庫の使い切り（複数ポケモン）"],"fullName":"アメブ混合テスト Test22: 万能S在庫の使い切り（複数ポケモン） 個数指定あり+制限なしの複数ポケモンで万能Sを適切に分配","status":"passed","title":"個数指定あり+制限なしの複数ポケモンで万能Sを適切に分配","duration":1.214999999999975,"failureMessages":[],"meta":{}},{"ancestorTitles":["アメブ混合テスト","Test23: アメブ＆通常アメ＆個数指定（ダークライ）"],"fullName":"アメブ混合テスト Test23: アメブ＆通常アメ＆個数指定（ダークライ） 個数指定行はアメブ優先、合計は個数指定を守る","status":"passed","title":"個数指定行はアメブ優先、合計は個数指定を守る","duration":1.2835000000000036,"failureMessages":[],"meta":{}},{"ancestorTitles":["アメブ混合テスト","Test24: グローバルアメブ不足（ダークライ）"],"fullName":"アメブ混合テスト Test24: グローバルアメブ不足（ダークライ） グローバル制限でアメブが減少","status":"passed","title":"グローバル制限でアメブが減少","duration":0.9270000000000209,"failureMessages":[],"meta":{}},{"ancestorTitles":["アメブ混合テスト","Test25: 目標はかけら不足、理論値は足りる（ダークライ）"],"fullName":"アメブ混合テスト Test25: 目標はかけら不足、理論値は足りる（ダークライ） 個数指定理論値でかけら不足0","status":"passed","title":"個数指定理論値でかけら不足0","duration":2.1037000000000035,"failureMessages":[],"meta":{}},{"ancestorTitles":["アメブ混合テスト","Test26: かけら不足（ダークライ）"],"fullName":"アメブ混合テスト Test26: かけら不足（ダークライ） かけら上限内、かけら不足あり","status":"passed","title":"かけら上限内、かけら不足あり","duration":0.8793000000000006,"failureMessages":[],"meta":{}},{"ancestorTitles":["アメブ混合テスト","Test27: アメ在庫不足（ダークライ）"],"fullName":"アメブ混合テスト Test27: アメ在庫不足（ダークライ） アメ在庫不足を検知","status":"passed","title":"アメ在庫不足を検知","duration":0.6361999999999739,"failureMessages":[],"meta":{}},{"ancestorTitles":["アメブ混合テスト","Test28: 境界値テスト（ダークライ）"],"fullName":"アメブ混合テスト Test28: 境界値テスト（ダークライ） かけら境界値でもアメ不足を検知","status":"passed","title":"かけら境界値でもアメ不足を検知","duration":0.6537999999999897,"failureMessages":[],"meta":{}},{"ancestorTitles":["アメブ混合テスト","Test29: アメ不足が主要因（ダークライ）"],"fullName":"アメブ混合テスト Test29: アメ不足が主要因（ダークライ） アメ在庫のみ使用、アメ不足が主要因","status":"passed","title":"アメ在庫のみ使用、アメ不足が主要因","duration":0.4659000000000333,"failureMessages":[],"meta":{}}],"startTime":1770475287687,"endTime":1770475287701.4658,"status":"passed","message":"","name":"D:/Dev/Projects/candy_boost_planner/tests/unit/level-planner/boost-mix.test.ts"},{"assertionResults":[{"ancestorTitles":["スイクン＆境界値テスト","Test30: スイクン・個数指定501"],"fullName":"スイクン＆境界値テスト Test30: スイクン・個数指定501 アメブ不足=1（501-500）","status":"passed","title":"アメブ不足=1（501-500）","duration":5.280900000000031,"failureMessages":[],"meta":{}},{"ancestorTitles":["スイクン＆境界値テスト","Test31: スイクン・個数指定500"],"fullName":"スイクン＆境界値テスト Test31: スイクン・個数指定500 アメブ不足=0","status":"passed","title":"アメブ不足=0","duration":1.1227999999999838,"failureMessages":[],"meta":{}},{"ancestorTitles":["スイクン＆境界値テスト","Test32: スイクン・個数指定502"],"fullName":"スイクン＆境界値テスト Test32: スイクン・個数指定502 アメブ不足=2（502-500）","status":"passed","title":"アメブ不足=2（502-500）","duration":0.9182999999999879,"failureMessages":[],"meta":{}},{"ancestorTitles":["スイクン＆境界値テスト","Test33: スイクン・個数指定なし・アメブ不足"],"fullName":"スイクン＆境界値テスト Test33: スイクン・個数指定なし・アメブ不足 アメブ不足=1059、アメ不足=0","status":"passed","title":"アメブ不足=1059、アメ不足=0","duration":0.6906000000000176,"failureMessages":[],"meta":{}},{"ancestorTitles":["スイクン＆境界値テスト","Test34: 全不足時"],"fullName":"スイクン＆境界値テスト Test34: 全不足時 目標まで行：アメブ537、かけら661,935","status":"passed","title":"目標まで行：アメブ537、かけら661,935","duration":0.593400000000031,"failureMessages":[],"meta":{}},{"ancestorTitles":["スイクン＆境界値テスト","Test34: 全不足時"],"fullName":"スイクン＆境界値テスト Test34: 全不足時 到達可能行：アメブ16、かけら9,780、万能S 6","status":"passed","title":"到達可能行：アメブ16、かけら9,780、万能S 6","duration":0.5991999999999962,"failureMessages":[],"meta":{}},{"ancestorTitles":["スイクン＆境界値テスト","Test34: 全不足時"],"fullName":"スイクン＆境界値テスト Test34: 全不足時 アイテム価値=totalSupply","status":"passed","title":"アイテム価値=totalSupply","duration":0.5084999999999695,"failureMessages":[],"meta":{}},{"ancestorTitles":["スイクン＆境界値テスト","Test35a: かけら境界値91,154"],"fullName":"スイクン＆境界値テスト Test35a: かけら境界値91,154 かけら上限ぎりぎりでアメ使用","status":"passed","title":"かけら上限ぎりぎりでアメ使用","duration":0.4461000000000013,"failureMessages":[],"meta":{}},{"ancestorTitles":["スイクン＆境界値テスト","Test35b: かけら境界値91,155"],"fullName":"スイクン＆境界値テスト Test35b: かけら境界値91,155 かけら+1でアメ使用増加","status":"passed","title":"かけら+1でアメ使用増加","duration":0.7321999999999775,"failureMessages":[],"meta":{}},{"ancestorTitles":["スイクン＆境界値テスト","Test36: 万能S 1個不足バグ"],"fullName":"スイクン＆境界値テスト Test36: 万能S 1個不足バグ totalUsed=1000、万能S=294","status":"passed","title":"totalUsed=1000、万能S=294","duration":0.42090000000001737,"failureMessages":[],"meta":{}}],"startTime":1770475287687,"endTime":1770475287699.421,"status":"passed","message":"","name":"D:/Dev/Projects/candy_boost_planner/tests/unit/level-planner/boundary.test.ts"},{"assertionResults":[{"ancestorTitles":["calcLevelByCandy 検証テスト","Test55: スイクン 500 vs 501 アメブ"],"fullName":"calcLevelByCandy 検証テスト Test55: スイクン 500 vs 501 アメブ 1アメの差が到達EXPに反映される","status":"passed","title":"1アメの差が到達EXPに反映される","duration":1.1228999999999587,"failureMessages":[],"meta":{}}],"startTime":1770475287628,"endTime":1770475287629.1228,"status":"passed","message":"","name":"D:/Dev/Projects/candy_boost_planner/tests/unit/level-planner/calc-verify.test.ts"},{"assertionResults":[{"ancestorTitles":["個数指定テスト","Test6: 個数指定のみ - 指定量まで使用"],"fullName":"個数指定テスト Test6: 個数指定のみ - 指定量まで使用 使用量 ≤ 個数指定 100","status":"passed","title":"使用量 ≤ 個数指定 100","duration":4.363699999999994,"failureMessages":[],"meta":{}},{"ancestorTitles":["個数指定テスト","Test15: アメ個数指定500"],"fullName":"個数指定テスト Test15: アメ個数指定500 アメ合計 ≤ 個数指定500、アメブ ≤ 個数指定500","status":"passed","title":"アメ合計 ≤ 個数指定500、アメブ ≤ 個数指定500","duration":0.5975999999999999,"failureMessages":[],"meta":{}}],"startTime":1770475287686,"endTime":1770475287691.5977,"status":"passed","message":"","name":"D:/Dev/Projects/candy_boost_planner/tests/unit/level-planner/candy-limit.test.ts"},{"assertionResults":[{"ancestorTitles":["複合シナリオテスト","Test14: 全て不足時"],"fullName":"複合シナリオテスト Test14: 全て不足時 アメ在庫上限を超えない","status":"passed","title":"アメ在庫上限を超えない","duration":4.0908000000000015,"failureMessages":[],"meta":{}},{"ancestorTitles":["複合シナリオテスト","Test16: 上位制限→下位へ再配分"],"fullName":"複合シナリオテスト Test16: 上位制限→下位へ再配分 上位がかけら制限で制限され、下位もかけら不足","status":"passed","title":"上位がかけら制限で制限され、下位もかけら不足","duration":1.1779000000000224,"failureMessages":[],"meta":{}},{"ancestorTitles":["複合シナリオテスト","Test17: グローバルアメブ制限"],"fullName":"複合シナリオテスト Test17: グローバルアメブ制限 totalUsed=グローバル制限、余り2以下","status":"passed","title":"totalUsed=グローバル制限、余り2以下","duration":0.8363999999999692,"failureMessages":[],"meta":{}},{"ancestorTitles":["複合シナリオテスト","Test18: 3匹のアメブ分配"],"fullName":"複合シナリオテスト Test18: 3匹のアメブ分配 個数指定→グローバル残り→0の順で分配","status":"passed","title":"個数指定→グローバル残り→0の順で分配","duration":1.1400000000000432,"failureMessages":[],"meta":{}},{"ancestorTitles":["複合シナリオテスト","Test19: かけら不足時のアイテム使用"],"fullName":"複合シナリオテスト Test19: かけら不足時のアイテム使用 かけら0のポケモンはアイテムも0","status":"passed","title":"かけら0のポケモンはアイテムも0","duration":0.9433999999999969,"failureMessages":[],"meta":{}},{"ancestorTitles":["複合シナリオテスト","Test20: 個数指定で在庫消費制限"],"fullName":"複合シナリオテスト Test20: 個数指定で在庫消費制限 上位の個数指定で在庫消費が制限され、下位に回る","status":"passed","title":"上位の個数指定で在庫消費が制限され、下位に回る","duration":0.8881999999999834,"failureMessages":[],"meta":{}}],"startTime":1770475287686,"endTime":1770475287695.8882,"status":"passed","message":"","name":"D:/Dev/Projects/candy_boost_planner/tests/unit/level-planner/combined.test.ts"},{"assertionResults":[{"ancestorTitles":["エッジケーステスト","Test46: 個数指定時に在庫が足りている場合"],"fullName":"エッジケーステスト Test46: 個数指定時に在庫が足りている場合 remaining=0、primaryShortageType=null","status":"passed","title":"remaining=0、primaryShortageType=null","duration":5.1329000000000065,"failureMessages":[],"meta":{}},{"ancestorTitles":["エッジケーステスト","Test47: 返却されたアメを下位が使用"],"fullName":"エッジケーステスト Test47: 返却されたアメを下位が使用 イワパレスとミカルゲは目標に到達","status":"passed","title":"イワパレスとミカルゲは目標に到達","duration":1.8374000000000024,"failureMessages":[],"meta":{}},{"ancestorTitles":["エッジケーステスト","Test48: 個数指定時のかけら計算"],"fullName":"エッジケーステスト Test48: 個数指定時のかけら計算 かけら=392,245","status":"passed","title":"かけら=392,245","duration":2.497799999999984,"failureMessages":[],"meta":{}},{"ancestorTitles":["エッジケーステスト","Test49: アメ合計＜個数指定の時、通常アメで補填しない"],"fullName":"エッジケーステスト Test49: アメ合計＜個数指定の時、通常アメで補填しない normalCount=0, totalSupply=398","status":"passed","title":"normalCount=0, totalSupply=398","duration":1.009800000000041,"failureMessages":[],"meta":{}},{"ancestorTitles":["エッジケーステスト","Test50: 個数指定行でも通常アメで補填しない"],"fullName":"エッジケーステスト Test50: 個数指定行でも通常アメで補填しない candyTargetItems.normalCount=0, totalCandyCount=398","status":"passed","title":"candyTargetItems.normalCount=0, totalCandyCount=398","duration":0.8239999999999554,"failureMessages":[],"meta":{}},{"ancestorTitles":["エッジケーステスト","Test51: アメブ上限0、かけら不足"],"fullName":"エッジケーステスト Test51: アメブ上限0、かけら不足 アメブ上限0なので配分なし","status":"passed","title":"アメブ上限0なので配分なし","duration":0.6122000000000298,"failureMessages":[],"meta":{}},{"ancestorTitles":["エッジケーステスト","Test52: かけら上限1での不足表示"],"fullName":"エッジケーステスト Test52: かけら上限1での不足表示 primaryShortageType=shards","status":"passed","title":"primaryShortageType=shards","duration":0.6366999999999621,"failureMessages":[],"meta":{}},{"ancestorTitles":["エッジケーステスト","Test53: アメブ上限0、かけらも不足"],"fullName":"エッジケーステスト Test53: アメブ上限0、かけらも不足 primaryShortageType=boost","status":"passed","title":"primaryShortageType=boost","duration":0.45420000000001437,"failureMessages":[],"meta":{}},{"ancestorTitles":["エッジケーステスト","Test54: 同Lv内でのEXP獲得"],"fullName":"エッジケーステスト Test54: 同Lv内でのEXP獲得 srcLevel === dstLevel でもアメブとEXPが計算される","status":"passed","title":"srcLevel === dstLevel でもアメブとEXPが計算される","duration":0.6186000000000149,"failureMessages":[],"meta":{}},{"ancestorTitles":["エッジケーステスト","Test55: タツベイ EXPタイプ900 実機検証"],"fullName":"エッジケーステスト Test55: タツベイ EXPタイプ900 実機検証 通常アメ=1198、かけら=180728（実機確認値）","status":"passed","title":"通常アメ=1198、かけら=180728（実機確認値）","duration":0.5465999999999553,"failureMessages":[],"meta":{}},{"ancestorTitles":["エッジケーステスト","Test56: グローバルアメブ上限がアメ在庫制限より優先される"],"fullName":"エッジケーステスト Test56: グローバルアメブ上限がアメ在庫制限より優先される 到達可能行はグローバル上限150を守る（アメブ入力297の場合）","status":"passed","title":"到達可能行はグローバル上限150を守る（アメブ入力297の場合）","duration":0.4958000000000311,"failureMessages":[],"meta":{}},{"ancestorTitles":["エッジケーステスト","Test56: グローバルアメブ上限がアメ在庫制限より優先される"],"fullName":"エッジケーステスト Test56: グローバルアメブ上限がアメ在庫制限より優先される 到達可能行はグローバル上限150を守る（アメブ入力151の場合）","status":"passed","title":"到達可能行はグローバル上限150を守る（アメブ入力151の場合）","duration":0.477800000000002,"failureMessages":[],"meta":{}},{"ancestorTitles":["エッジケーステスト","Test56: グローバルアメブ上限がアメ在庫制限より優先される"],"fullName":"エッジケーステスト Test56: グローバルアメブ上限がアメ在庫制限より優先される アメブ100%でも到達可能行はグローバル上限150を守る","status":"passed","title":"アメブ100%でも到達可能行はグローバル上限150を守る","duration":0.2255999999999858,"failureMessages":[],"meta":{}}],"startTime":1770475287687,"endTime":1770475287705.2256,"status":"passed","message":"","name":"D:/Dev/Projects/candy_boost_planner/tests/unit/level-planner/edge-cases.test.ts"},{"assertionResults":[{"ancestorTitles":["複数ポケモンテスト","Test7: 2匹でアメブを分け合う"],"fullName":"複数ポケモンテスト Test7: 2匹でアメブを分け合う 上位が優先、合計がグローバル上限以下","status":"passed","title":"上位が優先、合計がグローバル上限以下","duration":3.9961000000000126,"failureMessages":[],"meta":{}},{"ancestorTitles":["複数ポケモンテスト","Test8: 2匹でかけらを分け合う"],"fullName":"複数ポケモンテスト Test8: 2匹でかけらを分け合う 上位が優先、合計がグローバル上限以下","status":"passed","title":"上位が優先、合計がグローバル上限以下","duration":0.5760999999999967,"failureMessages":[],"meta":{}},{"ancestorTitles":["複数ポケモンテスト","Test9: 上位に個数指定 → 下位にアイテムが回る"],"fullName":"複数ポケモンテスト Test9: 上位に個数指定 → 下位にアイテムが回る 上位の個数指定で制限された分が下位に回る","status":"passed","title":"上位の個数指定で制限された分が下位に回る","duration":1.1388999999999783,"failureMessages":[],"meta":{}},{"ancestorTitles":["複合制限テスト","Test10: アメブ不足 + かけら不足"],"fullName":"複合制限テスト Test10: アメブ不足 + かけら不足 両方の制限を守り、少なくとも一方が制限に近い","status":"passed","title":"両方の制限を守り、少なくとも一方が制限に近い","duration":0.7327000000000226,"failureMessages":[],"meta":{}}],"startTime":1770475287687,"endTime":1770475287693.7327,"status":"passed","message":"","name":"D:/Dev/Projects/candy_boost_planner/tests/unit/level-planner/multi-pokemon.test.ts"},{"assertionResults":[{"ancestorTitles":["不足タイプ判定テスト","Test37: かけら不足が主要因"],"fullName":"不足タイプ判定テスト Test37: かけら不足が主要因 かけら0でLvアップ不可、primaryShortageType=shards","status":"passed","title":"かけら0でLvアップ不可、primaryShortageType=shards","duration":3.070099999999968,"failureMessages":[],"meta":{}},{"ancestorTitles":["不足タイプ判定テスト","Test38: アメブ上限0が主要因"],"fullName":"不足タイプ判定テスト Test38: アメブ上限0が主要因 アメブ0でLvアップ不可、primaryShortageType=boost","status":"passed","title":"アメブ0でLvアップ不可、primaryShortageType=boost","duration":0.33049999999997226,"failureMessages":[],"meta":{}},{"ancestorTitles":["不足タイプ判定テスト","Test39: 個数指定＆アメブ上限0"],"fullName":"不足タイプ判定テスト Test39: 個数指定＆アメブ上限0 個数指定があってもアメブ0が主要因","status":"passed","title":"個数指定があってもアメブ0が主要因","duration":0.5278999999999883,"failureMessages":[],"meta":{}},{"ancestorTitles":["不足タイプ判定テスト","Test40: 個数指定＆かけら上限0"],"fullName":"不足タイプ判定テスト Test40: 個数指定＆かけら上限0 個数指定があってもかけら0が主要因","status":"passed","title":"個数指定があってもかけら0が主要因","duration":0.35290000000003374,"failureMessages":[],"meta":{}},{"ancestorTitles":["不足タイプ判定テスト","Test41: shardsShortage計算バグ"],"fullName":"不足タイプ判定テスト Test41: shardsShortage計算バグ expGot増加時もshardsShortageが正しく計算される","status":"passed","title":"expGot増加時もshardsShortageが正しく計算される","duration":0.3842000000000212,"failureMessages":[],"meta":{}}],"startTime":1770475287686,"endTime":1770475287691.3843,"status":"passed","message":"","name":"D:/Dev/Projects/candy_boost_planner/tests/unit/level-planner/shortage-type.test.ts"},{"assertionResults":[{"ancestorTitles":["目標まで行テスト","Test42: 基本的な目標まで計算"],"fullName":"目標まで行テスト Test42: 基本的な目標まで計算 補填後はremaining=0、在庫を超えて配分","status":"passed","title":"補填後はremaining=0、在庫を超えて配分","duration":3.3453999999999837,"failureMessages":[],"meta":{}},{"ancestorTitles":["目標まで行テスト","Test43: 個数指定あり"],"fullName":"目標まで行テスト Test43: 個数指定あり limitTotalUsed=個数指定","status":"passed","title":"limitTotalUsed=個数指定","duration":0.6702000000000226,"failureMessages":[],"meta":{}},{"ancestorTitles":["目標まで行テスト","Test44: グローバルアメブ不足の検出"],"fullName":"目標まで行テスト Test44: グローバルアメブ不足の検出 2匹目はアメブ不足=150","status":"passed","title":"2匹目はアメブ不足=150","duration":0.5294000000000096,"failureMessages":[],"meta":{}},{"ancestorTitles":["目標まで行テスト","Test45: かけら不足の検出"],"fullName":"目標まで行テスト Test45: かけら不足の検出 かけら不足が正しく計算される","status":"passed","title":"かけら不足が正しく計算される","duration":0.37189999999998236,"failureMessages":[],"meta":{}}],"startTime":1770475287687,"endTime":1770475287691.5293,"status":"passed","message":"","name":"D:/Dev/Projects/candy_boost_planner/tests/unit/level-planner/theoretical.test.ts"},{"assertionResults":[{"ancestorTitles":["ユーザーケーステスト","Test11: ダークライ Lv10→60"],"fullName":"ユーザーケーステスト Test11: ダークライ Lv10→60 アメブとかけらの制限内で到達","status":"passed","title":"アメブとかけらの制限内で到達","duration":4.9343000000000075,"failureMessages":[],"meta":{}},{"ancestorTitles":["ユーザーケーステスト","Test11b: アメブ上限3000"],"fullName":"ユーザーケーステスト Test11b: アメブ上限3000 アメブ上限が増えても結果は同じ（かけら制限のため）","status":"passed","title":"アメブ上限が増えても結果は同じ（かけら制限のため）","duration":0.9189999999999827,"failureMessages":[],"meta":{}},{"ancestorTitles":["ユーザーケーステスト","Test12: スクリーンショット完全再現"],"fullName":"ユーザーケーステスト Test12: スクリーンショット完全再現 到達Lv56、アメブ1719、かけら1998660","status":"passed","title":"到達Lv56、アメブ1719、かけら1998660","duration":0.8090000000000259,"failureMessages":[],"meta":{}},{"ancestorTitles":["ユーザーケーステスト","Test12b: アメブ上限3000でのテスト"],"fullName":"ユーザーケーステスト Test12b: アメブ上限3000でのテスト Test12と同じ到達Lv（かけら制限のため）","status":"passed","title":"Test12と同じ到達Lv（かけら制限のため）","duration":0.7320000000000277,"failureMessages":[],"meta":{}},{"ancestorTitles":["ユーザーケーステスト","Test13: リリースバージョン期待値"],"fullName":"ユーザーケーステスト Test13: リリースバージョン期待値 到達Lv56、アメブ1719、あとEXP592","status":"passed","title":"到達Lv56、アメブ1719、あとEXP592","duration":0.6478000000000179,"failureMessages":[],"meta":{}}],"startTime":1770475287686,"endTime":1770475287694.6477,"status":"passed","message":"","name":"D:/Dev/Projects/candy_boost_planner/tests/unit/level-planner/user-cases.test.ts"},{"assertionResults":[{"ancestorTitles":["睡眠育成機能","markForSleep"],"fullName":"睡眠育成機能 markForSleep Test1: 2000h、8.5h/日、性格normal、GSDオン","status":"passed","title":"Test1: 2000h、8.5h/日、性格normal、GSDオン","duration":0.9640999999999735,"failureMessages":[],"meta":{}},{"ancestorTitles":["睡眠育成機能","markForSleep"],"fullName":"睡眠育成機能 markForSleep Test2: 1000h、8.5h/日、性格normal、GSDオン","status":"passed","title":"Test2: 1000h、8.5h/日、性格normal、GSDオン","duration":0.2008000000000152,"failureMessages":[],"meta":{}},{"ancestorTitles":["睡眠育成機能","markForSleep"],"fullName":"睡眠育成機能 markForSleep Test3: 性格upで睡眠EXPが増加","status":"passed","title":"Test3: 性格upで睡眠EXPが増加","duration":0.1332999999999629,"failureMessages":[],"meta":{}},{"ancestorTitles":["睡眠育成機能","markForSleep"],"fullName":"睡眠育成機能 markForSleep Test4: 性格downで睡眠EXPが減少","status":"passed","title":"Test4: 性格downで睡眠EXPが減少","duration":0.14760000000001128,"failureMessages":[],"meta":{}},{"ancestorTitles":["睡眠育成機能","markForSleep"],"fullName":"睡眠育成機能 markForSleep Test5: GSDオフでGSDボーナスなし","status":"passed","title":"Test5: GSDオフでGSDボーナスなし","duration":0.14119999999996935,"failureMessages":[],"meta":{}},{"ancestorTitles":["睡眠育成機能","calcSleepTimeForExp"],"fullName":"睡眠育成機能 calcSleepTimeForExp Test6: 残EXP 26400を8.5h/日でカバー → 236日必要","status":"passed","title":"Test6: 残EXP 26400を8.5h/日でカバー → 236日必要","duration":0.32210000000003447,"failureMessages":[],"meta":{}},{"ancestorTitles":["睡眠育成機能","calcSleepTimeForExp"],"fullName":"睡眠育成機能 calcSleepTimeForExp Test7: 残EXP 0 → 0日必要","status":"passed","title":"Test7: 残EXP 0 → 0日必要","duration":0.15850000000000364,"failureMessages":[],"meta":{}},{"ancestorTitles":["睡眠育成機能","睡眠育成ボタン E2E"],"fullName":"睡眠育成機能 睡眠育成ボタン E2E Test8: ムシャーナ Lv13→50、ミニブ350、2000hボタン","status":"passed","title":"Test8: ムシャーナ Lv13→50、ミニブ350、2000hボタン","duration":14.92349999999999,"failureMessages":[],"meta":{}},{"ancestorTitles":["睡眠育成機能","睡眠育成ボタン E2E"],"fullName":"睡眠育成機能 睡眠育成ボタン E2E Test9: 通常モード Lv30→50、1000hボタン","status":"passed","title":"Test9: 通常モード Lv30→50、1000hボタン","duration":4.547300000000007,"failureMessages":[],"meta":{}},{"ancestorTitles":["睡眠育成機能","睡眠育成ボタン E2E"],"fullName":"睡眠育成機能 睡眠育成ボタン E2E Test10: 睡眠EXPが十分な場合 candyTarget=0","status":"passed","title":"Test10: 睡眠EXPが十分な場合 candyTarget=0","duration":0.476600000000019,"failureMessages":[],"meta":{}},{"ancestorTitles":["睡眠育成機能","睡眠育成ボタン E2E"],"fullName":"睡眠育成機能 睡眠育成ボタン E2E Test11: 性格upで必要アメ数が減少","status":"passed","title":"Test11: 性格upで必要アメ数が減少","duration":1.394900000000007,"failureMessages":[],"meta":{}},{"ancestorTitles":["睡眠育成機能","睡眠育成ボタン E2E"],"fullName":"睡眠育成機能 睡眠育成ボタン E2E Test12: 睡眠EXPボーナス5体で必要アメ数が減少","status":"passed","title":"Test12: 睡眠EXPボーナス5体で必要アメ数が減少","duration":1.453300000000013,"failureMessages":[],"meta":{}}],"startTime":1770475287680,"endTime":1770475287705.4534,"status":"passed","message":"","name":"D:/Dev/Projects/candy_boost_planner/src/domain/pokesleep/__tests__/sleep-growth.test.ts"}]}